-------------------------------------------------------------------------------
Test set: com.springboot.DoctorAppApplicationTests
-------------------------------------------------------------------------------
Tests run: 1, Failures: 0, Errors: 1, Skipped: 0, Time elapsed: 11.441 s <<< FAILURE! - in com.springboot.DoctorAppApplicationTests
contextLoads(com.springboot.DoctorAppApplicationTests)  Time elapsed: 0.002 s  <<< ERROR!
java.lang.IllegalStateException: Failed to load ApplicationContext
Caused by: org.springframework.context.ApplicationContextException: Failed to start bean 'documentationPluginsBootstrapper'; nested exception is java.lang.NoSuchMethodError: org.springframework.data.repository.support.Repositories.getRepositoryInformationFor(Ljava/lang/Class;)Lorg/springframework/data/repository/core/RepositoryInformation;
Caused by: java.lang.NoSuchMethodError: org.springframework.data.repository.support.Repositories.getRepositoryInformationFor(Ljava/lang/Class;)Lorg/springframework/data/repository/core/RepositoryInformation;

